<?xml version="1.0" encoding="UTF-8"?>
<testng-results ignored="2" total="4" passed="2" failed="0" skipped="0">
  <reporter-output>
    <line>
      <![CDATA[Open URL : https://www.saucedemo.com/inventory.html</br>]]>
    </line>
    <line>
      <![CDATA[Do login with valid username and password.</br>]]>
    </line>
    <line>
      <![CDATA[Open URL : https://www.saucedemo.com/inventory.html</br>]]>
    </line>
    <line>
      <![CDATA[Click on 1st link.</br>]]>
    </line>
    <line>
      <![CDATA[Open URL : https://www.saucedemo.com/inventory.html</br>]]>
    </line>
    <line>
      <![CDATA[Do login with valid username and password.</br>]]>
    </line>
    <line>
      <![CDATA[<Strong><b>Do_Logout is passed.</b></font></strong></br>]]>
    </line>
    <line>
      <![CDATA[Open URL : https://www.saucedemo.com/inventory.html</br>]]>
    </line>
    <line>
      <![CDATA[Click on 1st link.</br>]]>
    </line>
    <line>
      <![CDATA[<Strong><b>Do_Login is passed.</b></font></strong></br>]]>
    </line>
  </reporter-output>
  <suite started-at="2022-07-08T12:57:13 IST" name="SourcePro" finished-at="2022-07-08T12:57:38 IST" duration-ms="25589">
    <groups>
    </groups>
    <test started-at="2022-07-08T12:57:13 IST" name="Do_Logout" finished-at="2022-07-08T12:57:30 IST" duration-ms="17013">
      <class name="com.sourcepro.Login.LoginIndex">
        <test-method is-config="true" signature="fetchSuite(org.testng.ITestContext)[pri:0, instance:com.sourcepro.Login.LoginIndex@7cbc3762]" started-at="2022-07-08T12:57:13 IST" name="fetchSuite" finished-at="2022-07-08T12:57:13 IST" duration-ms="6" status="PASS">
          <params>
            <param index="0">
              <value>
                <![CDATA[org.testng.TestRunner@71c905a3]]>
              </value>
            </param>
          </params>
          <reporter-output>
          </reporter-output>
        </test-method> <!-- fetchSuite -->
        <test-method is-config="true" signature="fetchSuiteConfiguration(org.testng.ITestContext)[pri:0, instance:com.sourcepro.Login.LoginIndex@7cbc3762]" started-at="2022-07-08T12:57:13 IST" name="fetchSuiteConfiguration" finished-at="2022-07-08T12:57:13 IST" duration-ms="0" status="PASS">
          <params>
            <param index="0">
              <value>
                <![CDATA[org.testng.TestRunner@71c905a3]]>
              </value>
            </param>
          </params>
          <reporter-output>
          </reporter-output>
        </test-method> <!-- fetchSuiteConfiguration -->
        <test-method is-config="true" signature="setUp(java.lang.String,java.lang.String,java.lang.String,java.lang.String,java.lang.reflect.Method,org.testng.ITestContext,org.testng.ITestResult)[pri:0, instance:com.sourcepro.Login.LoginIndex@7cbc3762]" started-at="2022-07-08T12:57:13 IST" name="setUp" finished-at="2022-07-08T12:57:22 IST" duration-ms="9305" status="PASS">
          <params>
            <param index="0">
              <value>
                <![CDATA[parallel.conf.json]]>
              </value>
            </param>
            <param index="1">
              <value>
                <![CDATA[env2]]>
              </value>
            </param>
            <param index="2">
              <value>
                <![CDATA[standard_user]]>
              </value>
            </param>
            <param index="3">
              <value>
                <![CDATA[secret_sauce]]>
              </value>
            </param>
            <param index="4">
              <value>
                <![CDATA[public void com.sourcepro.Login.LoginIndex.logout() throws java.io.IOException]]>
              </value>
            </param>
            <param index="5">
              <value>
                <![CDATA[org.testng.TestRunner@71c905a3]]>
              </value>
            </param>
            <param index="6">
              <value>
                <![CDATA[[TestResult name={null} status=CREATED method=LoginIndex.logout()[pri:0, instance:com.sourcepro.Login.LoginIndex@7cbc3762] output={null}]]]>
              </value>
            </param>
          </params>
          <reporter-output>
            <line>
              <![CDATA[Open URL : https://www.saucedemo.com/inventory.html</br>]]>
            </line>
            <line>
              <![CDATA[Do login with valid username and password.</br>]]>
            </line>
          </reporter-output>
        </test-method> <!-- setUp -->
        <test-method signature="logout()[pri:0, instance:com.sourcepro.Login.LoginIndex@7cbc3762]" started-at="2022-07-08T12:57:22 IST" name="logout" finished-at="2022-07-08T12:57:28 IST" duration-ms="6287" status="PASS">
          <reporter-output>
            <line>
              <![CDATA[Open URL : https://www.saucedemo.com/inventory.html</br>]]>
            </line>
            <line>
              <![CDATA[Click on 1st link.</br>]]>
            </line>
            <line>
              <![CDATA[<Strong><b>Do_Logout is passed.</b></font></strong></br>]]>
            </line>
          </reporter-output>
        </test-method> <!-- logout -->
        <test-method is-config="true" signature="tearDown(org.testng.ITestResult,org.testng.ITestContext)[pri:0, instance:com.sourcepro.Login.LoginIndex@7cbc3762]" started-at="2022-07-08T12:57:28 IST" name="tearDown" finished-at="2022-07-08T12:57:30 IST" duration-ms="1394" status="PASS">
          <params>
            <param index="0">
              <value>
                <![CDATA[[TestResult name=logout status=SUCCESS method=LoginIndex.logout()[pri:0, instance:com.sourcepro.Login.LoginIndex@7cbc3762] output=Open URL : https://www.saucedemo.com/inventory.html</br>]]]>
              </value>
            </param>
            <param index="1">
              <value>
                <![CDATA[org.testng.TestRunner@71c905a3]]>
              </value>
            </param>
          </params>
          <reporter-output>
          </reporter-output>
        </test-method> <!-- tearDown -->
        <test-method is-config="true" signature="postConfigue()[pri:0, instance:com.sourcepro.Login.LoginIndex@7cbc3762]" started-at="2022-07-08T12:57:38 IST" name="postConfigue" finished-at="2022-07-08T12:57:38 IST" duration-ms="0" status="PASS">
          <reporter-output>
          </reporter-output>
        </test-method> <!-- postConfigue -->
      </class> <!-- com.sourcepro.Login.LoginIndex -->
    </test> <!-- Do_Logout -->
    <test started-at="2022-07-08T12:57:13 IST" name="Do_Login" finished-at="2022-07-08T12:57:38 IST" duration-ms="25589">
      <class name="com.sourcepro.Login.LoginIndex">
        <test-method is-config="true" signature="fetchSuiteConfiguration(org.testng.ITestContext)[pri:0, instance:com.sourcepro.Login.LoginIndex@59f63e24]" started-at="2022-07-08T12:57:13 IST" name="fetchSuiteConfiguration" finished-at="2022-07-08T12:57:13 IST" duration-ms="1" status="PASS">
          <params>
            <param index="0">
              <value>
                <![CDATA[org.testng.TestRunner@30af7377]]>
              </value>
            </param>
          </params>
          <reporter-output>
          </reporter-output>
        </test-method> <!-- fetchSuiteConfiguration -->
        <test-method is-config="true" signature="setUp(java.lang.String,java.lang.String,java.lang.String,java.lang.String,java.lang.reflect.Method,org.testng.ITestContext,org.testng.ITestResult)[pri:0, instance:com.sourcepro.Login.LoginIndex@59f63e24]" started-at="2022-07-08T12:57:13 IST" name="setUp" finished-at="2022-07-08T12:57:31 IST" duration-ms="18057" status="PASS">
          <params>
            <param index="0">
              <value>
                <![CDATA[parallel.conf.json]]>
              </value>
            </param>
            <param index="1">
              <value>
                <![CDATA[env1]]>
              </value>
            </param>
            <param index="2">
              <value>
                <![CDATA[standard_user]]>
              </value>
            </param>
            <param index="3">
              <value>
                <![CDATA[secret_sauce]]>
              </value>
            </param>
            <param index="4">
              <value>
                <![CDATA[public void com.sourcepro.Login.LoginIndex.logout() throws java.io.IOException]]>
              </value>
            </param>
            <param index="5">
              <value>
                <![CDATA[org.testng.TestRunner@30af7377]]>
              </value>
            </param>
            <param index="6">
              <value>
                <![CDATA[[TestResult name={null} status=CREATED method=LoginIndex.logout()[pri:0, instance:com.sourcepro.Login.LoginIndex@59f63e24] output={null}]]]>
              </value>
            </param>
          </params>
          <reporter-output>
            <line>
              <![CDATA[Open URL : https://www.saucedemo.com/inventory.html</br>]]>
            </line>
            <line>
              <![CDATA[Do login with valid username and password.</br>]]>
            </line>
          </reporter-output>
        </test-method> <!-- setUp -->
        <test-method signature="logout()[pri:0, instance:com.sourcepro.Login.LoginIndex@59f63e24]" started-at="2022-07-08T12:57:31 IST" name="logout" finished-at="2022-07-08T12:57:37 IST" duration-ms="5951" status="PASS">
          <reporter-output>
            <line>
              <![CDATA[Open URL : https://www.saucedemo.com/inventory.html</br>]]>
            </line>
            <line>
              <![CDATA[Click on 1st link.</br>]]>
            </line>
            <line>
              <![CDATA[<Strong><b>Do_Login is passed.</b></font></strong></br>]]>
            </line>
          </reporter-output>
        </test-method> <!-- logout -->
        <test-method is-config="true" signature="tearDown(org.testng.ITestResult,org.testng.ITestContext)[pri:0, instance:com.sourcepro.Login.LoginIndex@59f63e24]" started-at="2022-07-08T12:57:37 IST" name="tearDown" finished-at="2022-07-08T12:57:38 IST" duration-ms="1562" status="PASS">
          <params>
            <param index="0">
              <value>
                <![CDATA[[TestResult name=logout status=SUCCESS method=LoginIndex.logout()[pri:0, instance:com.sourcepro.Login.LoginIndex@59f63e24] output=Open URL : https://www.saucedemo.com/inventory.html</br>]]]>
              </value>
            </param>
            <param index="1">
              <value>
                <![CDATA[org.testng.TestRunner@30af7377]]>
              </value>
            </param>
          </params>
          <reporter-output>
          </reporter-output>
        </test-method> <!-- tearDown -->
      </class> <!-- com.sourcepro.Login.LoginIndex -->
    </test> <!-- Do_Login -->
  </suite> <!-- SourcePro -->
</testng-results>
